d:\vs2013\projects\mu_kongfubboys\mu_kongfubboys\release\mu_kongfubboys.pch
d:\vs2013\projects\mu_kongfubboys\mu_kongfubboys\release\vc120.pdb
d:\vs2013\projects\mu_kongfubboys\mu_kongfubboys\release\stdafx.obj
d:\vs2013\projects\mu_kongfubboys\mu_kongfubboys\release\tools.obj
d:\vs2013\projects\mu_kongfubboys\mu_kongfubboys\release\resource.obj
d:\vs2013\projects\mu_kongfubboys\mu_kongfubboys\release\player.obj
d:\vs2013\projects\mu_kongfubboys\mu_kongfubboys\release\person.obj
d:\vs2013\projects\mu_kongfubboys\mu_kongfubboys\release\mu_kongfubboys.obj
d:\vs2013\projects\mu_kongfubboys\mu_kongfubboys\release\gamemanager.obj
d:\vs2013\projects\mu_kongfubboys\mu_kongfubboys\release\enemy_4.obj
d:\vs2013\projects\mu_kongfubboys\mu_kongfubboys\release\enemy_3.obj
d:\vs2013\projects\mu_kongfubboys\mu_kongfubboys\release\enemy_2.obj
d:\vs2013\projects\mu_kongfubboys\mu_kongfubboys\release\enemy_1.obj
d:\vs2013\projects\mu_kongfubboys\release\mu_kongfubboys.exe
d:\vs2013\projects\mu_kongfubboys\release\mu_kongfubboys.pdb
d:\vs2013\projects\mu_kongfubboys\mu_kongfubboys\release\mu_kongfubboys.tlog\cl.command.1.tlog
d:\vs2013\projects\mu_kongfubboys\mu_kongfubboys\release\mu_kongfubboys.tlog\cl.read.1.tlog
d:\vs2013\projects\mu_kongfubboys\mu_kongfubboys\release\mu_kongfubboys.tlog\cl.write.1.tlog
d:\vs2013\projects\mu_kongfubboys\mu_kongfubboys\release\mu_kongfubboys.tlog\link.command.1.tlog
d:\vs2013\projects\mu_kongfubboys\mu_kongfubboys\release\mu_kongfubboys.tlog\link.read.1.tlog
d:\vs2013\projects\mu_kongfubboys\mu_kongfubboys\release\mu_kongfubboys.tlog\link.write.1.tlog
