生成启动时间为 2017/1/8 12:09:20。
     1>项目“D:\vs2013\projects\MU_Kongfubboys\MU_Kongfubboys\MU_Kongfubboys.vcxproj”在节点 2 上(Build 个目标)。
     1>ClCompile:
         D:\vs2013\VC\bin\CL.exe /c /Zi /nologo /W3 /WX- /sdl /O2 /Oi /Oy- /GL /D WIN32 /D NDEBUG /D _CONSOLE /D _LIB /D _UNICODE /D UNICODE /Gm- /EHsc /MD /GS /Gy /fp:precise /Zc:wchar_t /Zc:forScope /Yc"stdafx.h" /Fp"Release\MU_Kongfubboys.pch" /Fo"Release\\" /Fd"Release\vc120.pdb" /Gd /TP /analyze- /errorReport:prompt stdafx.cpp
         stdafx.cpp
         D:\vs2013\VC\bin\CL.exe /c /Zi /nologo /W3 /WX- /sdl /O2 /Oi /Oy- /GL /D WIN32 /D NDEBUG /D _CONSOLE /D _LIB /D _UNICODE /D UNICODE /Gm- /EHsc /MD /GS /Gy /fp:precise /Zc:wchar_t /Zc:forScope /Yu"stdafx.h" /Fp"Release\MU_Kongfubboys.pch" /Fo"Release\\" /Fd"Release\vc120.pdb" /Gd /TP /analyze- /errorReport:prompt Enemy_1.cpp Enemy_2.cpp Enemy_3.cpp Enemy_4.cpp GameManager.cpp MU_Kongfubboys.cpp Person.cpp Player.cpp Resource.cpp Tools.cpp
         Enemy_1.cpp
         Enemy_2.cpp
         Enemy_3.cpp
         Enemy_4.cpp
         GameManager.cpp
     1>GameManager.cpp(102): warning C4101: “i”: 未引用的局部变量
     1>GameManager.cpp(171): warning C4101: “i”: 未引用的局部变量
     1>GameManager.cpp(255): warning C4101: “i”: 未引用的局部变量
     1>GameManager.cpp(327): warning C4101: “i”: 未引用的局部变量
     1>GameManager.cpp(391): warning C4101: “i”: 未引用的局部变量
         MU_Kongfubboys.cpp
         Person.cpp
         Player.cpp
         Resource.cpp
         Tools.cpp
       Link:
         D:\vs2013\VC\bin\link.exe /ERRORREPORT:PROMPT /OUT:"D:\vs2013\projects\MU_Kongfubboys\Release\MU_Kongfubboys.exe" /INCREMENTAL:NO /NOLOGO opencv_ts300d.lib opencv_ts300.lib opencv_world300d.lib opencv_world300.lib kernel32.lib user32.lib gdi32.lib winspool.lib comdlg32.lib advapi32.lib shell32.lib ole32.lib oleaut32.lib uuid.lib odbc32.lib odbccp32.lib /MANIFEST /MANIFESTUAC:"level='asInvoker' uiAccess='false'" /manifest:embed /DEBUG /PDB:"D:\vs2013\projects\MU_Kongfubboys\Release\MU_Kongfubboys.pdb" /SUBSYSTEM:CONSOLE /OPT:REF /OPT:ICF /LTCG /TLBID:1 /DYNAMICBASE /NXCOMPAT /IMPLIB:"D:\vs2013\projects\MU_Kongfubboys\Release\MU_Kongfubboys.lib" /MACHINE:X86 /SAFESEH Release\Enemy_1.obj
         Release\Enemy_2.obj
         Release\Enemy_3.obj
         Release\Enemy_4.obj
         Release\GameManager.obj
         Release\MU_Kongfubboys.obj
         Release\Person.obj
         Release\Player.obj
         Release\Resource.obj
         Release\stdafx.obj
         Release\Tools.obj
         正在生成代码
         已完成代码的生成
         MU_Kongfubboys.vcxproj -> D:\vs2013\projects\MU_Kongfubboys\Release\MU_Kongfubboys.exe
     1>已完成生成项目“D:\vs2013\projects\MU_Kongfubboys\MU_Kongfubboys\MU_Kongfubboys.vcxproj”(Build 个目标)的操作。

生成成功。

已用时间 00:00:08.15
